This file contains any messages produced by compilers while
running configure, to aid debugging if configure makes a mistake.

It was created by configure, which was
generated by GNU Autoconf 2.69.  Invocation command line was

  $ ./configure 

## --------- ##
## Platform. ##
## --------- ##

hostname = eschmidt3.dev.csshealth.com
uname -m = x86_64
uname -r = 3.14.27-25.47.amzn1.x86_64
uname -s = Linux
uname -v = #1 SMP Wed Dec 17 18:36:15 UTC 2014

/usr/bin/uname -p = unknown
/bin/uname -X     = unknown

/bin/arch              = x86_64
/usr/bin/arch -k       = unknown
/usr/convex/getsysinfo = unknown
/usr/bin/hostinfo      = unknown
/bin/machine           = unknown
/usr/bin/oslevel       = unknown
/bin/universe          = unknown

PATH: /usr/local/bin
PATH: /bin
PATH: /usr/bin
PATH: /usr/local/sbin
PATH: /usr/sbin
PATH: /sbin
PATH: /opt/aws/bin


## ----------- ##
## Core tests. ##
## ----------- ##

configure:2228: checking whether to install link to etags
configure:2235: result: no
configure:2238: checking whether to install readtags object file
configure:2245: result: no
configure:2320: checking for gcc
configure:2336: found /usr/bin/gcc
configure:2347: result: gcc
configure:2576: checking for C compiler version
configure:2585: gcc --version >&5
gcc (GCC) 4.8.2 20140120 (Red Hat 4.8.2-16)
Copyright (C) 2013 Free Software Foundation, Inc.
This is free software; see the source for copying conditions.  There is NO
warranty; not even for MERCHANTABILITY or FITNESS FOR A PARTICULAR PURPOSE.

configure:2596: $? = 0
configure:2585: gcc -v >&5
Using built-in specs.
COLLECT_GCC=gcc
COLLECT_LTO_WRAPPER=/usr/libexec/gcc/x86_64-amazon-linux/4.8.2/lto-wrapper
Target: x86_64-amazon-linux
Configured with: ../configure --prefix=/usr --mandir=/usr/share/man --infodir=/usr/share/info --with-bugurl=http://bugzilla.redhat.com/bugzilla --enable-bootstrap --enable-shared --enable-threads=posix --enable-checking=release --with-system-zlib --enable-__cxa_atexit --disable-libunwind-exceptions --enable-gnu-unique-object --enable-linker-build-id --with-linker-hash-style=gnu --enable-languages=c,c++,fortran,ada,lto --enable-plugin --enable-initfini-array --disable-libgcj --without-isl --without-cloog --enable-gnu-indirect-function --with-tune=generic --with-arch_32=x86-64 --build=x86_64-amazon-linux
Thread model: posix
gcc version 4.8.2 20140120 (Red Hat 4.8.2-16) (GCC) 
configure:2596: $? = 0
configure:2585: gcc -V >&5
gcc: error: unrecognized command line option '-V'
gcc: fatal error: no input files
compilation terminated.
configure:2596: $? = 4
configure:2585: gcc -qversion >&5
gcc: error: unrecognized command line option '-qversion'
gcc: fatal error: no input files
compilation terminated.
configure:2596: $? = 4
configure:2616: checking whether the C compiler works
configure:2638: gcc    conftest.c  >&5
configure:2642: $? = 0
configure:2690: result: yes
configure:2693: checking for C compiler default output file name
configure:2695: result: a.out
configure:2701: checking for suffix of executables
configure:2708: gcc -o conftest    conftest.c  >&5
configure:2712: $? = 0
configure:2734: result: 
configure:2756: checking whether we are cross compiling
configure:2764: gcc -o conftest    conftest.c  >&5
configure:2768: $? = 0
configure:2775: ./conftest
configure:2779: $? = 0
configure:2794: result: no
configure:2799: checking for suffix of object files
configure:2821: gcc -c   conftest.c >&5
configure:2825: $? = 0
configure:2846: result: o
configure:2850: checking whether we are using the GNU C compiler
configure:2869: gcc -c   conftest.c >&5
configure:2869: $? = 0
configure:2878: result: yes
configure:2887: checking whether gcc accepts -g
configure:2907: gcc -c -g  conftest.c >&5
configure:2907: $? = 0
configure:2948: result: yes
configure:2965: checking for gcc option to accept ISO C89
configure:3028: gcc  -c -g -O2  conftest.c >&5
configure:3028: $? = 0
configure:3041: result: none needed
configure:3091: checking whether ln -s works
configure:3095: result: yes
configure:3104: checking for strip
configure:3120: found /usr/bin/strip
configure:3132: result: strip
configure:3148: checking for special C compiler options needed for large files
configure:3193: result: no
configure:3199: checking for _FILE_OFFSET_BITS value needed for large files
configure:3224: gcc -c -g -O2  conftest.c >&5
configure:3224: $? = 0
configure:3256: result: no
configure:3347: checking directory to use for temporary files
configure:3365: result: /tmp
configure:3376: checking whether #! works in shell scripts
configure:3393: result: yes
configure:3403: checking for case-insensitive filenames
configure:3412: result: no
configure:3417: checking selected sort method
configure:3423: result: external sort utility
configure:3428: checking for sort
configure:3444: found /bin/sort
configure:3456: result: yes
configure:3465: checking if sort accepts our command line
configure:3473: result: yes
configure:3496: checking how to run the C preprocessor
configure:3527: gcc -E  conftest.c
configure:3527: $? = 0
configure:3541: gcc -E  conftest.c
conftest.c:13:28: fatal error: ac_nonexistent.h: No such file or directory
 #include <ac_nonexistent.h>
                            ^
compilation terminated.
configure:3541: $? = 1
configure: failed program was:
| /* confdefs.h */
| #define PACKAGE_NAME ""
| #define PACKAGE_TARNAME ""
| #define PACKAGE_VERSION ""
| #define PACKAGE_STRING ""
| #define PACKAGE_BUGREPORT ""
| #define PACKAGE_URL ""
| #define DEFAULT_FILE_FORMAT 2
| #define TMPDIR "/tmp"
| #define SYS_INTERPRETER 1
| #define EXTERNAL_SORT 1
| /* end confdefs.h.  */
| #include <ac_nonexistent.h>
configure:3566: result: gcc -E
configure:3586: gcc -E  conftest.c
configure:3586: $? = 0
configure:3600: gcc -E  conftest.c
conftest.c:13:28: fatal error: ac_nonexistent.h: No such file or directory
 #include <ac_nonexistent.h>
                            ^
compilation terminated.
configure:3600: $? = 1
configure: failed program was:
| /* confdefs.h */
| #define PACKAGE_NAME ""
| #define PACKAGE_TARNAME ""
| #define PACKAGE_VERSION ""
| #define PACKAGE_STRING ""
| #define PACKAGE_BUGREPORT ""
| #define PACKAGE_URL ""
| #define DEFAULT_FILE_FORMAT 2
| #define TMPDIR "/tmp"
| #define SYS_INTERPRETER 1
| #define EXTERNAL_SORT 1
| /* end confdefs.h.  */
| #include <ac_nonexistent.h>
configure:3629: checking for grep that handles long lines and -e
configure:3687: result: /bin/grep
configure:3692: checking for egrep
configure:3754: result: /bin/grep -E
configure:3759: checking for ANSI C header files
configure:3779: gcc -c -g -O2  conftest.c >&5
configure:3779: $? = 0
configure:3852: gcc -o conftest -g -O2   conftest.c  >&5
configure:3852: $? = 0
configure:3852: ./conftest
configure:3852: $? = 0
configure:3863: result: yes
configure:3876: checking for sys/types.h
configure:3876: gcc -c -g -O2  conftest.c >&5
configure:3876: $? = 0
configure:3876: result: yes
configure:3876: checking for sys/stat.h
configure:3876: gcc -c -g -O2  conftest.c >&5
configure:3876: $? = 0
configure:3876: result: yes
configure:3876: checking for stdlib.h
configure:3876: gcc -c -g -O2  conftest.c >&5
configure:3876: $? = 0
configure:3876: result: yes
configure:3876: checking for string.h
configure:3876: gcc -c -g -O2  conftest.c >&5
configure:3876: $? = 0
configure:3876: result: yes
configure:3876: checking for memory.h
configure:3876: gcc -c -g -O2  conftest.c >&5
configure:3876: $? = 0
configure:3876: result: yes
configure:3876: checking for strings.h
configure:3876: gcc -c -g -O2  conftest.c >&5
configure:3876: $? = 0
configure:3876: result: yes
configure:3876: checking for inttypes.h
configure:3876: gcc -c -g -O2  conftest.c >&5
configure:3876: $? = 0
configure:3876: result: yes
configure:3876: checking for stdint.h
configure:3876: gcc -c -g -O2  conftest.c >&5
configure:3876: $? = 0
configure:3876: result: yes
configure:3876: checking for unistd.h
configure:3876: gcc -c -g -O2  conftest.c >&5
configure:3876: $? = 0
configure:3876: result: yes
configure:3894: checking for dirent.h
configure:3894: gcc -c -g -O2  conftest.c >&5
configure:3894: $? = 0
configure:3894: result: yes
configure:3894: checking for fcntl.h
configure:3894: gcc -c -g -O2  conftest.c >&5
configure:3894: $? = 0
configure:3894: result: yes
configure:3894: checking for fnmatch.h
configure:3894: gcc -c -g -O2  conftest.c >&5
configure:3894: $? = 0
configure:3894: result: yes
configure:3894: checking for stat.h
configure:3894: gcc -c -g -O2  conftest.c >&5
conftest.c:60:18: fatal error: stat.h: No such file or directory
 #include <stat.h>
                  ^
compilation terminated.
configure:3894: $? = 1
configure: failed program was:
| /* confdefs.h */
| #define PACKAGE_NAME ""
| #define PACKAGE_TARNAME ""
| #define PACKAGE_VERSION ""
| #define PACKAGE_STRING ""
| #define PACKAGE_BUGREPORT ""
| #define PACKAGE_URL ""
| #define DEFAULT_FILE_FORMAT 2
| #define TMPDIR "/tmp"
| #define SYS_INTERPRETER 1
| #define EXTERNAL_SORT 1
| #define STDC_HEADERS 1
| #define HAVE_SYS_TYPES_H 1
| #define HAVE_SYS_STAT_H 1
| #define HAVE_STDLIB_H 1
| #define HAVE_STRING_H 1
| #define HAVE_MEMORY_H 1
| #define HAVE_STRINGS_H 1
| #define HAVE_INTTYPES_H 1
| #define HAVE_STDINT_H 1
| #define HAVE_UNISTD_H 1
| #define HAVE_DIRENT_H 1
| #define HAVE_FCNTL_H 1
| #define HAVE_FNMATCH_H 1
| /* end confdefs.h.  */
| #include <stdio.h>
| #ifdef HAVE_SYS_TYPES_H
| # include <sys/types.h>
| #endif
| #ifdef HAVE_SYS_STAT_H
| # include <sys/stat.h>
| #endif
| #ifdef STDC_HEADERS
| # include <stdlib.h>
| # include <stddef.h>
| #else
| # ifdef HAVE_STDLIB_H
| #  include <stdlib.h>
| # endif
| #endif
| #ifdef HAVE_STRING_H
| # if !defined STDC_HEADERS && defined HAVE_MEMORY_H
| #  include <memory.h>
| # endif
| # include <string.h>
| #endif
| #ifdef HAVE_STRINGS_H
| # include <strings.h>
| #endif
| #ifdef HAVE_INTTYPES_H
| # include <inttypes.h>
| #endif
| #ifdef HAVE_STDINT_H
| # include <stdint.h>
| #endif
| #ifdef HAVE_UNISTD_H
| # include <unistd.h>
| #endif
| 
| #include <stat.h>
configure:3894: result: no
configure:3894: checking for stdlib.h
configure:3894: result: yes
configure:3894: checking for string.h
configure:3894: result: yes
configure:3894: checking for time.h
configure:3894: gcc -c -g -O2  conftest.c >&5
configure:3894: $? = 0
configure:3894: result: yes
configure:3894: checking for types.h
configure:3894: gcc -c -g -O2  conftest.c >&5
conftest.c:63:19: fatal error: types.h: No such file or directory
 #include <types.h>
                   ^
compilation terminated.
configure:3894: $? = 1
configure: failed program was:
| /* confdefs.h */
| #define PACKAGE_NAME ""
| #define PACKAGE_TARNAME ""
| #define PACKAGE_VERSION ""
| #define PACKAGE_STRING ""
| #define PACKAGE_BUGREPORT ""
| #define PACKAGE_URL ""
| #define DEFAULT_FILE_FORMAT 2
| #define TMPDIR "/tmp"
| #define SYS_INTERPRETER 1
| #define EXTERNAL_SORT 1
| #define STDC_HEADERS 1
| #define HAVE_SYS_TYPES_H 1
| #define HAVE_SYS_STAT_H 1
| #define HAVE_STDLIB_H 1
| #define HAVE_STRING_H 1
| #define HAVE_MEMORY_H 1
| #define HAVE_STRINGS_H 1
| #define HAVE_INTTYPES_H 1
| #define HAVE_STDINT_H 1
| #define HAVE_UNISTD_H 1
| #define HAVE_DIRENT_H 1
| #define HAVE_FCNTL_H 1
| #define HAVE_FNMATCH_H 1
| #define HAVE_STDLIB_H 1
| #define HAVE_STRING_H 1
| #define HAVE_TIME_H 1
| /* end confdefs.h.  */
| #include <stdio.h>
| #ifdef HAVE_SYS_TYPES_H
| # include <sys/types.h>
| #endif
| #ifdef HAVE_SYS_STAT_H
| # include <sys/stat.h>
| #endif
| #ifdef STDC_HEADERS
| # include <stdlib.h>
| # include <stddef.h>
| #else
| # ifdef HAVE_STDLIB_H
| #  include <stdlib.h>
| # endif
| #endif
| #ifdef HAVE_STRING_H
| # if !defined STDC_HEADERS && defined HAVE_MEMORY_H
| #  include <memory.h>
| # endif
| # include <string.h>
| #endif
| #ifdef HAVE_STRINGS_H
| # include <strings.h>
| #endif
| #ifdef HAVE_INTTYPES_H
| # include <inttypes.h>
| #endif
| #ifdef HAVE_STDINT_H
| # include <stdint.h>
| #endif
| #ifdef HAVE_UNISTD_H
| # include <unistd.h>
| #endif
| 
| #include <types.h>
configure:3894: result: no
configure:3894: checking for unistd.h
configure:3894: result: yes
configure:3894: checking for sys/dir.h
configure:3894: gcc -c -g -O2  conftest.c >&5
configure:3894: $? = 0
configure:3894: result: yes
configure:3894: checking for sys/stat.h
configure:3894: result: yes
configure:3894: checking for sys/times.h
configure:3894: gcc -c -g -O2  conftest.c >&5
configure:3894: $? = 0
configure:3894: result: yes
configure:3894: checking for sys/types.h
configure:3894: result: yes
configure:3940: checking if L_tmpnam is defined in stdio.h
configure:3953: result: yes
configure:3969: checking if INT_MAX is defined in limits.h
configure:3982: result: yes
configure:4028: checking for size_t
configure:4028: gcc -c -g -O2  conftest.c >&5
configure:4028: $? = 0
configure:4028: gcc -c -g -O2  conftest.c >&5
conftest.c: In function 'main':
conftest.c:70:21: error: expected expression before ')' token
 if (sizeof ((size_t)))
                     ^
configure:4028: $? = 1
configure: failed program was:
| /* confdefs.h */
| #define PACKAGE_NAME ""
| #define PACKAGE_TARNAME ""
| #define PACKAGE_VERSION ""
| #define PACKAGE_STRING ""
| #define PACKAGE_BUGREPORT ""
| #define PACKAGE_URL ""
| #define DEFAULT_FILE_FORMAT 2
| #define TMPDIR "/tmp"
| #define SYS_INTERPRETER 1
| #define EXTERNAL_SORT 1
| #define STDC_HEADERS 1
| #define HAVE_SYS_TYPES_H 1
| #define HAVE_SYS_STAT_H 1
| #define HAVE_STDLIB_H 1
| #define HAVE_STRING_H 1
| #define HAVE_MEMORY_H 1
| #define HAVE_STRINGS_H 1
| #define HAVE_INTTYPES_H 1
| #define HAVE_STDINT_H 1
| #define HAVE_UNISTD_H 1
| #define HAVE_DIRENT_H 1
| #define HAVE_FCNTL_H 1
| #define HAVE_FNMATCH_H 1
| #define HAVE_STDLIB_H 1
| #define HAVE_STRING_H 1
| #define HAVE_TIME_H 1
| #define HAVE_UNISTD_H 1
| #define HAVE_SYS_DIR_H 1
| #define HAVE_SYS_STAT_H 1
| #define HAVE_SYS_TIMES_H 1
| #define HAVE_SYS_TYPES_H 1
| /* end confdefs.h.  */
| #include <stdio.h>
| #ifdef HAVE_SYS_TYPES_H
| # include <sys/types.h>
| #endif
| #ifdef HAVE_SYS_STAT_H
| # include <sys/stat.h>
| #endif
| #ifdef STDC_HEADERS
| # include <stdlib.h>
| # include <stddef.h>
| #else
| # ifdef HAVE_STDLIB_H
| #  include <stdlib.h>
| # endif
| #endif
| #ifdef HAVE_STRING_H
| # if !defined STDC_HEADERS && defined HAVE_MEMORY_H
| #  include <memory.h>
| # endif
| # include <string.h>
| #endif
| #ifdef HAVE_STRINGS_H
| # include <strings.h>
| #endif
| #ifdef HAVE_INTTYPES_H
| # include <inttypes.h>
| #endif
| #ifdef HAVE_STDINT_H
| # include <stdint.h>
| #endif
| #ifdef HAVE_UNISTD_H
| # include <unistd.h>
| #endif
| int
| main ()
| {
| if (sizeof ((size_t)))
| 	    return 0;
|   ;
|   return 0;
| }
configure:4028: result: yes
configure:4039: checking for off_t
configure:4039: gcc -c -g -O2  conftest.c >&5
configure:4039: $? = 0
configure:4039: gcc -c -g -O2  conftest.c >&5
conftest.c: In function 'main':
conftest.c:70:20: error: expected expression before ')' token
 if (sizeof ((off_t)))
                    ^
configure:4039: $? = 1
configure: failed program was:
| /* confdefs.h */
| #define PACKAGE_NAME ""
| #define PACKAGE_TARNAME ""
| #define PACKAGE_VERSION ""
| #define PACKAGE_STRING ""
| #define PACKAGE_BUGREPORT ""
| #define PACKAGE_URL ""
| #define DEFAULT_FILE_FORMAT 2
| #define TMPDIR "/tmp"
| #define SYS_INTERPRETER 1
| #define EXTERNAL_SORT 1
| #define STDC_HEADERS 1
| #define HAVE_SYS_TYPES_H 1
| #define HAVE_SYS_STAT_H 1
| #define HAVE_STDLIB_H 1
| #define HAVE_STRING_H 1
| #define HAVE_MEMORY_H 1
| #define HAVE_STRINGS_H 1
| #define HAVE_INTTYPES_H 1
| #define HAVE_STDINT_H 1
| #define HAVE_UNISTD_H 1
| #define HAVE_DIRENT_H 1
| #define HAVE_FCNTL_H 1
| #define HAVE_FNMATCH_H 1
| #define HAVE_STDLIB_H 1
| #define HAVE_STRING_H 1
| #define HAVE_TIME_H 1
| #define HAVE_UNISTD_H 1
| #define HAVE_SYS_DIR_H 1
| #define HAVE_SYS_STAT_H 1
| #define HAVE_SYS_TIMES_H 1
| #define HAVE_SYS_TYPES_H 1
| /* end confdefs.h.  */
| #include <stdio.h>
| #ifdef HAVE_SYS_TYPES_H
| # include <sys/types.h>
| #endif
| #ifdef HAVE_SYS_STAT_H
| # include <sys/stat.h>
| #endif
| #ifdef STDC_HEADERS
| # include <stdlib.h>
| # include <stddef.h>
| #else
| # ifdef HAVE_STDLIB_H
| #  include <stdlib.h>
| # endif
| #endif
| #ifdef HAVE_STRING_H
| # if !defined STDC_HEADERS && defined HAVE_MEMORY_H
| #  include <memory.h>
| # endif
| # include <string.h>
| #endif
| #ifdef HAVE_STRINGS_H
| # include <strings.h>
| #endif
| #ifdef HAVE_INTTYPES_H
| # include <inttypes.h>
| #endif
| #ifdef HAVE_STDINT_H
| # include <stdint.h>
| #endif
| #ifdef HAVE_UNISTD_H
| # include <unistd.h>
| #endif
| int
| main ()
| {
| if (sizeof ((off_t)))
| 	    return 0;
|   ;
|   return 0;
| }
configure:4039: result: yes
configure:4051: checking for fpos_t
configure:4060: result: yes
configure:4073: checking for clock_t
configure:4082: result: yes
configure:4101: checking for an ANSI C-conforming const
configure:4167: gcc -c -g -O2  conftest.c >&5
configure:4167: $? = 0
configure:4174: result: yes
configure:4185: checking if struct stat contains st_ino
configure:4203: gcc -c -g -O2  conftest.c >&5
conftest.c: In function 'main':
conftest.c:42:3: warning: incompatible implicit declaration of built-in function 'exit' [enabled by default]
   exit(0);
   ^
configure:4203: $? = 0
configure:4209: result: yes
configure:4222: checking for fnmatch
configure:4222: gcc -o conftest -g -O2   conftest.c  >&5
configure:4222: $? = 0
configure:4222: result: yes
configure:4233: checking for strstr
configure:4233: gcc -o conftest -g -O2   conftest.c  >&5
conftest.c:59:6: warning: conflicting types for built-in function 'strstr' [enabled by default]
 char strstr ();
      ^
configure:4233: $? = 0
configure:4233: result: yes
configure:4245: checking for strcasecmp
configure:4245: gcc -o conftest -g -O2   conftest.c  >&5
conftest.c:60:6: warning: conflicting types for built-in function 'strcasecmp' [enabled by default]
 char strcasecmp ();
      ^
configure:4245: $? = 0
configure:4245: result: yes
configure:4257: checking for strncasecmp
configure:4257: gcc -o conftest -g -O2   conftest.c  >&5
conftest.c:61:6: warning: conflicting types for built-in function 'strncasecmp' [enabled by default]
 char strncasecmp ();
      ^
configure:4257: $? = 0
configure:4257: result: yes
configure:4268: checking for fgetpos
configure:4268: gcc -o conftest -g -O2   conftest.c  >&5
configure:4268: $? = 0
configure:4268: result: yes
configure:4338: checking for mkstemp
configure:4338: gcc -o conftest -g -O2   conftest.c  >&5
configure:4338: $? = 0
configure:4338: result: yes
configure:4381: checking for opendir
configure:4381: gcc -o conftest -g -O2   conftest.c  >&5
configure:4381: $? = 0
configure:4381: result: yes
configure:4392: checking for strerror
configure:4392: gcc -o conftest -g -O2   conftest.c  >&5
configure:4392: $? = 0
configure:4392: result: yes
configure:4404: checking for clock
configure:4404: gcc -o conftest -g -O2   conftest.c  >&5
configure:4404: $? = 0
configure:4404: result: yes
configure:4415: checking for remove
configure:4415: gcc -o conftest -g -O2   conftest.c  >&5
configure:4415: $? = 0
configure:4415: result: yes
configure:4456: checking for truncate
configure:4456: gcc -o conftest -g -O2   conftest.c  >&5
configure:4456: $? = 0
configure:4456: result: yes
configure:4495: checking for setenv
configure:4495: gcc -o conftest -g -O2   conftest.c  >&5
configure:4495: $? = 0
configure:4495: result: yes
configure:4560: checking for regcomp
configure:4560: gcc -o conftest -g -O2   conftest.c  >&5
configure:4560: $? = 0
configure:4560: result: yes
configure:4569: checking if regcomp works
configure:4585: gcc -o conftest -g -O2   conftest.c  >&5
conftest.c: In function 'main':
conftest.c:53:2: warning: incompatible implicit declaration of built-in function 'exit' [enabled by default]
  exit (regcomp (&patbuf, "/hello/", 0) != 0);
  ^
configure:4585: $? = 0
configure:4585: ./conftest
configure:4585: $? = 0
configure:4594: result: yes
configure:4627: checking for new missing prototypes...
configure:4943: creating ./config.status

## ---------------------- ##
## Running config.status. ##
## ---------------------- ##

This file was extended by config.status, which was
generated by GNU Autoconf 2.69.  Invocation command line was

  CONFIG_FILES    = 
  CONFIG_HEADERS  = 
  CONFIG_LINKS    = 
  CONFIG_COMMANDS = 
  $ ./config.status 

on eschmidt3.dev.csshealth.com

config.status:830: creating Makefile
config.status:830: creating config.h

## ---------------- ##
## Cache variables. ##
## ---------------- ##

ac_cv_c_compiler_gnu=yes
ac_cv_c_const=yes
ac_cv_env_CC_set=
ac_cv_env_CC_value=
ac_cv_env_CFLAGS_set=
ac_cv_env_CFLAGS_value=
ac_cv_env_CPPFLAGS_set=
ac_cv_env_CPPFLAGS_value=
ac_cv_env_CPP_set=
ac_cv_env_CPP_value=
ac_cv_env_LDFLAGS_set=
ac_cv_env_LDFLAGS_value=
ac_cv_env_LIBS_set=
ac_cv_env_LIBS_value=
ac_cv_env_build_alias_set=
ac_cv_env_build_alias_value=
ac_cv_env_host_alias_set=
ac_cv_env_host_alias_value=
ac_cv_env_target_alias_set=
ac_cv_env_target_alias_value=
ac_cv_func_clock=yes
ac_cv_func_fgetpos=yes
ac_cv_func_fnmatch=yes
ac_cv_func_mkstemp=yes
ac_cv_func_opendir=yes
ac_cv_func_regcomp=yes
ac_cv_func_remove=yes
ac_cv_func_setenv=yes
ac_cv_func_strcasecmp=yes
ac_cv_func_strerror=yes
ac_cv_func_strncasecmp=yes
ac_cv_func_strstr=yes
ac_cv_func_truncate=yes
ac_cv_header_dirent_h=yes
ac_cv_header_fcntl_h=yes
ac_cv_header_fnmatch_h=yes
ac_cv_header_inttypes_h=yes
ac_cv_header_memory_h=yes
ac_cv_header_stat_h=no
ac_cv_header_stdc=yes
ac_cv_header_stdint_h=yes
ac_cv_header_stdlib_h=yes
ac_cv_header_string_h=yes
ac_cv_header_strings_h=yes
ac_cv_header_sys_dir_h=yes
ac_cv_header_sys_stat_h=yes
ac_cv_header_sys_times_h=yes
ac_cv_header_sys_types_h=yes
ac_cv_header_time_h=yes
ac_cv_header_types_h=no
ac_cv_header_unistd_h=yes
ac_cv_objext=o
ac_cv_path_EGREP='/bin/grep -E'
ac_cv_path_GREP=/bin/grep
ac_cv_prog_CPP='gcc -E'
ac_cv_prog_STRIP=strip
ac_cv_prog_ac_ct_CC=gcc
ac_cv_prog_cc_c89=
ac_cv_prog_cc_g=yes
ac_cv_prog_sort_found=yes
ac_cv_sys_file_offset_bits=no
ac_cv_sys_interpreter=yes
ac_cv_sys_largefile_CC=no
ac_cv_type_off_t=yes
ac_cv_type_size_t=yes

## ----------------- ##
## Output variables. ##
## ----------------- ##

CC='gcc'
CFLAGS='-g -O2'
CPP='gcc -E'
CPPFLAGS=''
DEFS='-DHAVE_CONFIG_H'
ECHO_C=''
ECHO_N='-n'
ECHO_T=''
EGREP='/bin/grep -E'
EXEEXT=''
GREP='/bin/grep'
LDFLAGS=''
LIBOBJS=''
LIBS=''
LN_S='ln -s'
LTLIBOBJS=''
OBJEXT='o'
PACKAGE_BUGREPORT=''
PACKAGE_NAME=''
PACKAGE_STRING=''
PACKAGE_TARNAME=''
PACKAGE_URL=''
PACKAGE_VERSION=''
PATH_SEPARATOR=':'
SHELL='/bin/sh'
STRIP='strip'
ac_ct_CC='gcc'
bindir='${exec_prefix}/bin'
build_alias=''
datadir='${datarootdir}'
datarootdir='${prefix}/share'
docdir='${datarootdir}/doc/${PACKAGE}'
dvidir='${docdir}'
exec_prefix='${prefix}'
host_alias=''
htmldir='${docdir}'
includedir='${prefix}/include'
infodir='${datarootdir}/info'
install_targets='install-ctags'
libdir='${exec_prefix}/lib'
libexecdir='${exec_prefix}/libexec'
localedir='${datarootdir}/locale'
localstatedir='${prefix}/var'
mandir='${datarootdir}/man'
oldincludedir='/usr/include'
pdfdir='${docdir}'
prefix='/usr/local'
program_transform_name='s,x,x,'
psdir='${docdir}'
sbindir='${exec_prefix}/sbin'
sharedstatedir='${prefix}/com'
sort_found='yes'
sysconfdir='${prefix}/etc'
target_alias=''

## ----------- ##
## confdefs.h. ##
## ----------- ##

/* confdefs.h */
#define PACKAGE_NAME ""
#define PACKAGE_TARNAME ""
#define PACKAGE_VERSION ""
#define PACKAGE_STRING ""
#define PACKAGE_BUGREPORT ""
#define PACKAGE_URL ""
#define DEFAULT_FILE_FORMAT 2
#define TMPDIR "/tmp"
#define SYS_INTERPRETER 1
#define EXTERNAL_SORT 1
#define STDC_HEADERS 1
#define HAVE_SYS_TYPES_H 1
#define HAVE_SYS_STAT_H 1
#define HAVE_STDLIB_H 1
#define HAVE_STRING_H 1
#define HAVE_MEMORY_H 1
#define HAVE_STRINGS_H 1
#define HAVE_INTTYPES_H 1
#define HAVE_STDINT_H 1
#define HAVE_UNISTD_H 1
#define HAVE_DIRENT_H 1
#define HAVE_FCNTL_H 1
#define HAVE_FNMATCH_H 1
#define HAVE_STDLIB_H 1
#define HAVE_STRING_H 1
#define HAVE_TIME_H 1
#define HAVE_UNISTD_H 1
#define HAVE_SYS_DIR_H 1
#define HAVE_SYS_STAT_H 1
#define HAVE_SYS_TIMES_H 1
#define HAVE_SYS_TYPES_H 1
#define HAVE_STAT_ST_INO 1
#define HAVE_FNMATCH 1
#define HAVE_STRSTR 1
#define HAVE_STRCASECMP 1
#define HAVE_STRNCASECMP 1
#define HAVE_FGETPOS 1
#define HAVE_MKSTEMP 1
#define HAVE_OPENDIR 1
#define HAVE_STRERROR 1
#define HAVE_CLOCK 1
#define HAVE_REMOVE 1
#define HAVE_TRUNCATE 1
#define HAVE_SETENV 1
#define HAVE_REGCOMP 1

configure: exit 0
